[0209/224620:WARNING:quota_manager.cc(193)] Create directory failed for path
[0209/224620:WARNING:quota_manager.cc(193)] Create directory failed for path
[0209/224620:WARNING:quota_manager.cc(193)] Create directory failed for path
[0209/224625:WARNING:quota_manager.cc(193)] Create directory failed for path
[0209/233809:ERROR:ipc_channel_win.cc(502)] pipe error: 232
[0209/234226:WARNING:quota_manager.cc(193)] Create directory failed for path
[0209/234226:WARNING:quota_manager.cc(193)] Create directory failed for path
[0209/234226:WARNING:quota_manager.cc(193)] Create directory failed for path
[0209/234349:WARNING:quota_manager.cc(193)] Create directory failed for path
[0209/234349:WARNING:quota_manager.cc(193)] Create directory failed for path
[0209/234349:WARNING:quota_manager.cc(193)] Create directory failed for path
[0209/234353:WARNING:quota_manager.cc(193)] Create directory failed for path
[0209/234430:WARNING:quota_manager.cc(193)] Create directory failed for path
[0209/234430:WARNING:quota_manager.cc(193)] Create directory failed for path
[0209/234430:WARNING:quota_manager.cc(193)] Create directory failed for path
[0209/234434:WARNING:quota_manager.cc(193)] Create directory failed for path
[0209/234527:WARNING:quota_manager.cc(193)] Create directory failed for path
[0209/234527:WARNING:quota_manager.cc(193)] Create directory failed for path
[0209/234527:WARNING:quota_manager.cc(193)] Create directory failed for path
[0209/234532:WARNING:quota_manager.cc(193)] Create directory failed for path
[0209/234812:WARNING:quota_manager.cc(193)] Create directory failed for path
[0209/234812:WARNING:quota_manager.cc(193)] Create directory failed for path
[0209/234812:WARNING:quota_manager.cc(193)] Create directory failed for path
[0209/234817:WARNING:quota_manager.cc(193)] Create directory failed for path
[0209/235126:WARNING:quota_manager.cc(193)] Create directory failed for path
[0209/235126:WARNING:quota_manager.cc(193)] Create directory failed for path
[0209/235126:WARNING:quota_manager.cc(193)] Create directory failed for path
[0209/235131:WARNING:quota_manager.cc(193)] Create directory failed for path
[0210/000933:WARNING:quota_manager.cc(193)] Create directory failed for path
[0210/000933:WARNING:quota_manager.cc(193)] Create directory failed for path
[0210/000933:WARNING:quota_manager.cc(193)] Create directory failed for path
[0210/000937:WARNING:quota_manager.cc(193)] Create directory failed for path
[0210/140754:WARNING:quota_manager.cc(193)] Create directory failed for path
[0210/140754:WARNING:quota_manager.cc(193)] Create directory failed for path
[0210/140754:WARNING:quota_manager.cc(193)] Create directory failed for path
[0210/140759:WARNING:quota_manager.cc(193)] Create directory failed for path
[0210/150618:WARNING:quota_manager.cc(193)] Create directory failed for path
[0210/150618:WARNING:quota_manager.cc(193)] Create directory failed for path
[0210/150618:WARNING:quota_manager.cc(193)] Create directory failed for path
[0210/152246:WARNING:quota_manager.cc(193)] Create directory failed for path
[0210/152246:WARNING:quota_manager.cc(193)] Create directory failed for path
[0210/152246:WARNING:quota_manager.cc(193)] Create directory failed for path
[0210/152250:WARNING:quota_manager.cc(193)] Create directory failed for path
[0210/174553:WARNING:quota_manager.cc(193)] Create directory failed for path
[0210/174553:WARNING:quota_manager.cc(193)] Create directory failed for path
[0210/174553:WARNING:quota_manager.cc(193)] Create directory failed for path
[0210/174558:WARNING:quota_manager.cc(193)] Create directory failed for path
[0210/175945:WARNING:content_browser_client.cc(622)] No browser info matching frame process id 3 and routing id 1
[0210/182939:WARNING:quota_manager.cc(193)] Create directory failed for path
[0210/182939:WARNING:quota_manager.cc(193)] Create directory failed for path
[0210/182939:WARNING:quota_manager.cc(193)] Create directory failed for path
[0210/182944:WARNING:quota_manager.cc(193)] Create directory failed for path
[0210/183010:WARNING:raw_channel_win.cc(532)] WriteFile: Trwa zamykanie potoku. (0xE8)
[0210/183047:WARNING:quota_manager.cc(193)] Create directory failed for path
[0210/183047:WARNING:quota_manager.cc(193)] Create directory failed for path
[0210/183047:WARNING:quota_manager.cc(193)] Create directory failed for path
[0210/183051:WARNING:quota_manager.cc(193)] Create directory failed for path
[0210/183430:ERROR:ipc_channel_win.cc(502)] pipe error: 232
[0210/183553:WARNING:quota_manager.cc(193)] Create directory failed for path
[0210/183553:WARNING:quota_manager.cc(193)] Create directory failed for path
[0210/183553:WARNING:quota_manager.cc(193)] Create directory failed for path
[0210/183558:WARNING:quota_manager.cc(193)] Create directory failed for path
[0210/183915:ERROR:gles2_cmd_decoder.cc(13099)] [.RenderWorker-008D4A28]GL ERROR :GL_INVALID_VALUE : glCopySubTextureCHROMIUM: source texture has no level 0
[0210/185419:ERROR:browser_host_impl.cc(1751)] Invalid URL passed to CefBrowserHostImpl::LoadURL: googel.p[
[0210/195713:ERROR:ipc_channel_win.cc(207)] pipe error: 109
[0210/202034:WARNING:quota_manager.cc(193)] Create directory failed for path
[0210/202034:WARNING:quota_manager.cc(193)] Create directory failed for path
[0210/202034:WARNING:quota_manager.cc(193)] Create directory failed for path
[0210/202038:WARNING:quota_manager.cc(193)] Create directory failed for path
[0210/202341:WARNING:quota_manager.cc(193)] Create directory failed for path
[0210/202341:WARNING:quota_manager.cc(193)] Create directory failed for path
[0210/202341:WARNING:quota_manager.cc(193)] Create directory failed for path
[0210/203237:WARNING:quota_manager.cc(193)] Create directory failed for path
[0210/203237:WARNING:quota_manager.cc(193)] Create directory failed for path
[0210/203237:WARNING:quota_manager.cc(193)] Create directory failed for path
[0210/203241:WARNING:quota_manager.cc(193)] Create directory failed for path
[0210/203910:WARNING:quota_manager.cc(193)] Create directory failed for path
[0210/203910:WARNING:quota_manager.cc(193)] Create directory failed for path
[0210/203910:WARNING:quota_manager.cc(193)] Create directory failed for path
[0210/203915:WARNING:quota_manager.cc(193)] Create directory failed for path
[0210/204058:WARNING:content_browser_client.cc(622)] No browser info matching frame process id 13 and routing id 5
[0210/204449:WARNING:quota_manager.cc(193)] Create directory failed for path
[0210/204449:WARNING:quota_manager.cc(193)] Create directory failed for path
[0210/204449:WARNING:quota_manager.cc(193)] Create directory failed for path
[0210/204459:WARNING:quota_manager.cc(193)] Create directory failed for path
[0210/204552:WARNING:content_browser_client.cc(622)] No browser info matching frame process id 3 and routing id 8
[0210/204552:ERROR:ipc_channel_win.cc(502)] pipe error: 232
[0210/205256:WARNING:quota_manager.cc(193)] Create directory failed for path
[0210/205256:WARNING:quota_manager.cc(193)] Create directory failed for path
[0210/205256:WARNING:quota_manager.cc(193)] Create directory failed for path
[0210/205301:WARNING:quota_manager.cc(193)] Create directory failed for path
[0210/205351:WARNING:quota_manager.cc(193)] Create directory failed for path
[0210/205351:WARNING:quota_manager.cc(193)] Create directory failed for path
[0210/205351:WARNING:quota_manager.cc(193)] Create directory failed for path
[0210/205355:WARNING:quota_manager.cc(193)] Create directory failed for path
